<?xml version="1.0" encoding="UTF-8"?>
<testng-results ignored="0" total="1" passed="1" failed="0" skipped="0">
  <reporter-output>
  </reporter-output>
  <suite started-at="2023-10-26T23:15:44 IST" name="Default suite" finished-at="2023-10-26T23:16:39 IST" duration-ms="55801">
    <groups>
    </groups>
    <test started-at="2023-10-26T23:15:44 IST" name="Default test" finished-at="2023-10-26T23:16:39 IST" duration-ms="55801">
      <class name="testng1">
        <test-method signature="amazonmethod()[pri:0, instance:testng1@121314f7]" started-at="2023-10-26T23:15:44 IST" name="amazonmethod" finished-at="2023-10-26T23:16:39 IST" duration-ms="55504" status="PASS">
          <reporter-output>
          </reporter-output>
        </test-method> <!-- amazonmethod -->
      </class> <!-- testng1 -->
    </test> <!-- Default test -->
  </suite> <!-- Default suite -->
</testng-results>
